# JRE version: Java(TM) SE Runtime Environment (8.0_102-b14) (build 1.8.0_102-b14)
# Java VM: Java HotSpot(TM) 64-Bit Server VM (25.102-b14 mixed mode windows-amd64 compressed oops)
Heap:
 PSYoungGen      total 294400K, used 23891K [0x00000000d5e00000, 0x00000000e8e00000, 0x0000000100000000)
  eden space 280576K, 3% used [0x00000000d5e00000,0x00000000d68ad868,0x00000000e7000000)
  from space 13824K, 93% used [0x00000000e7000000,0x00000000e7ca7650,0x00000000e7d80000)
  to   space 13312K, 0% used [0x00000000e7d80000,0x00000000e7d80000,0x00000000e8a80000)
 ParOldGen       total 75776K, used 22144K [0x0000000081a00000, 0x0000000086400000, 0x00000000d5e00000)
  object space 75776K, 29% used [0x0000000081a00000,0x0000000082fa02c0,0x0000000086400000)
 Metaspace       used 52267K, capacity 55044K, committed 55168K, reserved 1112064K
  class space    used 6954K, capacity 7473K, committed 7552K, reserved 1048576K
GC Heap History (10 events):
Event: 9.519 GC heap before
{Heap before GC invocations=12 (full 2):
 PSYoungGen      total 131584K, used 124416K [0x00000000d5e00000, 0x00000000e2a80000, 0x0000000100000000)
  eden space 124416K, 100% used [0x00000000d5e00000,0x00000000dd780000,0x00000000dd780000)
  from space 7168K, 0% used [0x00000000dd780000,0x00000000dd780000,0x00000000dde80000)
  to   space 9216K, 0% used [0x00000000e2180000,0x00000000e2180000,0x00000000e2a80000)
 ParOldGen       total 56832K, used 14607K [0x0000000081a00000, 0x0000000085180000, 0x00000000d5e00000)
  object space 56832K, 25% used [0x0000000081a00000,0x0000000082843fb0,0x0000000085180000)
 Metaspace       used 31875K, capacity 33688K, committed 33920K, reserved 1085440K
  class space    used 4278K, capacity 4610K, committed 4736K, reserved 1048576K
Event: 9.526 GC heap after
Heap after GC invocations=12 (full 2):
 PSYoungGen      total 196096K, used 7504K [0x00000000d5e00000, 0x00000000e2900000, 0x0000000100000000)
  eden space 188416K, 0% used [0x00000000d5e00000,0x00000000d5e00000,0x00000000e1600000)
  from space 7680K, 97% used [0x00000000e2180000,0x00000000e28d42e8,0x00000000e2900000)
  to   space 9728K, 0% used [0x00000000e1600000,0x00000000e1600000,0x00000000e1f80000)
 ParOldGen       total 56832K, used 14615K [0x0000000081a00000, 0x0000000085180000, 0x00000000d5e00000)
  object space 56832K, 25% used [0x0000000081a00000,0x0000000082845fb0,0x0000000085180000)
 Metaspace       used 31875K, capacity 33688K, committed 33920K, reserved 1085440K
  class space    used 4278K, capacity 4610K, committed 4736K, reserved 1048576K
}
Event: 11.238 GC heap before
{Heap before GC invocations=13 (full 2):
 PSYoungGen      total 196096K, used 195920K [0x00000000d5e00000, 0x00000000e2900000, 0x0000000100000000)
  eden space 188416K, 100% used [0x00000000d5e00000,0x00000000e1600000,0x00000000e1600000)
  from space 7680K, 97% used [0x00000000e2180000,0x00000000e28d42e8,0x00000000e2900000)
  to   space 9728K, 0% used [0x00000000e1600000,0x00000000e1600000,0x00000000e1f80000)
 ParOldGen       total 56832K, used 14615K [0x0000000081a00000, 0x0000000085180000, 0x00000000d5e00000)
  object space 56832K, 25% used [0x0000000081a00000,0x0000000082845fb0,0x0000000085180000)
 Metaspace       used 43044K, capacity 45158K, committed 45312K, reserved 1093632K
  class space    used 5685K, capacity 6089K, committed 6144K, reserved 1048576K
Event: 11.253 GC heap after
Heap after GC invocations=13 (full 2):
 PSYoungGen      total 198144K, used 9716K [0x00000000d5e00000, 0x00000000e8a80000, 0x0000000100000000)
  eden space 188416K, 0% used [0x00000000d5e00000,0x00000000d5e00000,0x00000000e1600000)
  from space 9728K, 99% used [0x00000000e1600000,0x00000000e1f7d1c8,0x00000000e1f80000)
  to   space 13312K, 0% used [0x00000000e7d80000,0x00000000e7d80000,0x00000000e8a80000)
 ParOldGen       total 56832K, used 22492K [0x0000000081a00000, 0x0000000085180000, 0x00000000d5e00000)
  object space 56832K, 39% used [0x0000000081a00000,0x0000000082ff7340,0x0000000085180000)
 Metaspace       used 43044K, capacity 45158K, committed 45312K, reserved 1093632K
  class space    used 5685K, capacity 6089K, committed 6144K, reserved 1048576K
}
Event: 11.342 GC heap before
{Heap before GC invocations=14 (full 2):
 PSYoungGen      total 198144K, used 24391K [0x00000000d5e00000, 0x00000000e8a80000, 0x0000000100000000)
  eden space 188416K, 7% used [0x00000000d5e00000,0x00000000d6c54d70,0x00000000e1600000)
  from space 9728K, 99% used [0x00000000e1600000,0x00000000e1f7d1c8,0x00000000e1f80000)
  to   space 13312K, 0% used [0x00000000e7d80000,0x00000000e7d80000,0x00000000e8a80000)
 ParOldGen       total 56832K, used 22492K [0x0000000081a00000, 0x0000000085180000, 0x00000000d5e00000)
  object space 56832K, 39% used [0x0000000081a00000,0x0000000082ff7340,0x0000000085180000)
 Metaspace       used 44539K, capacity 46824K, committed 46936K, reserved 1095680K
  class space    used 5877K, capacity 6336K, committed 6400K, reserved 1048576K
Event: 11.349 GC heap after
Heap after GC invocations=14 (full 2):
 PSYoungGen      total 293888K, used 1735K [0x00000000d5e00000, 0x00000000e8e00000, 0x0000000100000000)
  eden space 280576K, 0% used [0x00000000d5e00000,0x00000000d5e00000,0x00000000e7000000)
  from space 13312K, 13% used [0x00000000e7d80000,0x00000000e7f31d60,0x00000000e8a80000)
  to   space 13824K, 0% used [0x00000000e7000000,0x00000000e7000000,0x00000000e7d80000)
 ParOldGen       total 56832K, used 30045K [0x0000000081a00000, 0x0000000085180000, 0x00000000d5e00000)
  object space 56832K, 52% used [0x0000000081a00000,0x00000000837574a8,0x0000000085180000)
 Metaspace       used 44539K, capacity 46824K, committed 46936K, reserved 1095680K
  class space    used 5877K, capacity 6336K, committed 6400K, reserved 1048576K
}
Event: 11.349 GC heap before
{Heap before GC invocations=15 (full 3):
 PSYoungGen      total 293888K, used 1735K [0x00000000d5e00000, 0x00000000e8e00000, 0x0000000100000000)
  eden space 280576K, 0% used [0x00000000d5e00000,0x00000000d5e00000,0x00000000e7000000)
  from space 13312K, 13% used [0x00000000e7d80000,0x00000000e7f31d60,0x00000000e8a80000)
  to   space 13824K, 0% used [0x00000000e7000000,0x00000000e7000000,0x00000000e7d80000)
 ParOldGen       total 56832K, used 30045K [0x0000000081a00000, 0x0000000085180000, 0x00000000d5e00000)
  object space 56832K, 52% used [0x0000000081a00000,0x00000000837574a8,0x0000000085180000)
 Metaspace       used 44539K, capacity 46824K, committed 46936K, reserved 1095680K
  class space    used 5877K, capacity 6336K, committed 6400K, reserved 1048576K
Event: 11.445 GC heap after
Heap after GC invocations=15 (full 3):
 PSYoungGen      total 293888K, used 0K [0x00000000d5e00000, 0x00000000e8e00000, 0x0000000100000000)
  eden space 280576K, 0% used [0x00000000d5e00000,0x00000000d5e00000,0x00000000e7000000)
  from space 13312K, 0% used [0x00000000e7d80000,0x00000000e7d80000,0x00000000e8a80000)
  to   space 13824K, 0% used [0x00000000e7000000,0x00000000e7000000,0x00000000e7d80000)
 ParOldGen       total 75776K, used 22136K [0x0000000081a00000, 0x0000000086400000, 0x00000000d5e00000)
  object space 75776K, 29% used [0x0000000081a00000,0x0000000082f9e2c0,0x0000000086400000)
 Metaspace       used 44539K, capacity 46824K, committed 46936K, reserved 1095680K
  class space    used 5877K, capacity 6336K, committed 6400K, reserved 1048576K
}
Event: 18.622 GC heap before
{Heap before GC invocations=16 (full 3):
 PSYoungGen      total 293888K, used 186226K [0x00000000d5e00000, 0x00000000e8e00000, 0x0000000100000000)
  eden space 280576K, 66% used [0x00000000d5e00000,0x00000000e13dcae8,0x00000000e7000000)
  from space 13312K, 0% used [0x00000000e7d80000,0x00000000e7d80000,0x00000000e8a80000)
  to   space 13824K, 0% used [0x00000000e7000000,0x00000000e7000000,0x00000000e7d80000)
 ParOldGen       total 75776K, used 22136K [0x0000000081a00000, 0x0000000086400000, 0x00000000d5e00000)
  object space 75776K, 29% used [0x0000000081a00000,0x0000000082f9e2c0,0x0000000086400000)
 Metaspace       used 52048K, capacity 54866K, committed 55168K, reserved 1112064K
  class space    used 6926K, capacity 7439K, committed 7552K, reserved 1048576K
Event: 18.634 GC heap after
Heap after GC invocations=16 (full 3):
 PSYoungGen      total 294400K, used 12957K [0x00000000d5e00000, 0x00000000e8e00000, 0x0000000100000000)
  eden space 280576K, 0% used [0x00000000d5e00000,0x00000000d5e00000,0x00000000e7000000)
  from space 13824K, 93% used [0x00000000e7000000,0x00000000e7ca7650,0x00000000e7d80000)
  to   space 13312K, 0% used [0x00000000e7d80000,0x00000000e7d80000,0x00000000e8a80000)
 ParOldGen       total 75776K, used 22144K [0x0000000081a00000, 0x0000000086400000, 0x00000000d5e00000)
  object space 75776K, 29% used [0x0000000081a00000,0x0000000082fa02c0,0x0000000086400000)
 Metaspace       used 52048K, capacity 54866K, committed 55168K, reserved 1112064K
  class space    used 6926K, capacity 7439K, committed 7552K, reserved 1048576K
}

